         w __gthr_impl_key_create
02000000 T __init
02000024 000000a4 W abort
020000d8 00000034 W __gnu_cxx::__throw_concurrence_lock_error()
0200010c 00000034 W __gnu_cxx::__throw_concurrence_unlock_error()
02000140 00000024 T std::terminate()
02000164 00000024 T std::unexpected()
02000188 00000058 T std::__throw_logic_error(char const*)
020001e0 00000058 T std::__throw_length_error(char const*)
02000238 00000058 T std::__throw_out_of_range(char const*)
02000290 00000010 T std::__throw_out_of_range_fmt(char const*, ...)
020002a0 000001e8 W std::__cxx11::basic_string<char, std::char_traits<char>, std::allocator<char> >::_M_replace_cold(char*, unsigned int, char const*, unsigned int, unsigned int)
02000488 00000058 T __cxa_call_terminate
020004e0 0000000c t _GLOBAL__sub_D_sDefaultValues
020004ec 0000005c t _GLOBAL__sub_D__ZN9__gnu_cxx9__freeresEv
02000548 00000048 t _GLOBAL__sub_D__ZN17__eh_globals_init7_S_initE
02000590 00000028 t _GLOBAL__sub_I_sDefaultValues
020005b8 0000026c t _GLOBAL__sub_I__ZN9__gnu_cxx9__freeresEv
02000824 00000050 t _GLOBAL__sub_I__ZN17__eh_globals_init7_S_initE
02000874 t __do_global_dtors_aux
02000940 t frame_dummy
02000964 00000004 T deinit_plugin()
02000968 00000004 T on_init_wut_malloc()
0200096c 00000004 T on_fini_wut_malloc()
02000970 00000014 T on_init_wut_sockets()
02000984 00000014 T on_fini_wut_sockets()
02000998 00000004 T on_init_wut_newlib()
0200099c 00000004 T on_fini_wut_newlib()
020009a0 00000004 T on_init_wut_stdcpp()
020009a4 00000004 T on_fini_wut_stdcpp()
020009a8 00000040 T __init_wrapper()
020009f8 00000004 T __fini_wrapper()
020009fc 00000038 T wups_init_config_functions(wups_loader_init_config_args_t)
02000a34 00000034 T wups_init_button_combo_functions(wups_loader_init_button_combo_args_t_)
02000a68 00000004 T on_init_wut_devoptab()
02000a6c 00000004 T on_fini_wut_devoptab()
02000a70 00000010 W WUPSConfigItemStub::~WUPSConfigItemStub()
02000a70 00000010 W WUPSConfigItemStub::~WUPSConfigItemStub()
02000a80 00000040 W WUPSConfigItemStub::~WUPSConfigItemStub()
02000ac0 00000008 T ConfigMenuClosedCallback()
02000ac8 0000004c T init_plugin()
02000b24 00000004 T on_app_ending()
02000b28 00000178 T on_app_starting()
02000cd0 00000004 T on_app_requests_exit()
02000cd4 00000560 T socketThreadFunc(int, char const**)
020012c4 00000020 W std::__cxx11::basic_string<char, std::char_traits<char>, std::allocator<char> >::_M_dispose()
020012e4 00000430 W std::__cxx11::basic_string<char, std::char_traits<char>, std::allocator<char> >::insert(unsigned int, char const*)
02001714 000004f4 T ConfigMenuOpenedCallback(WUPSConfigCategoryHandle)
02001c18 00000058 T initLogging
02001c70 000000c4 T deinitLogging
02001d34 00000040 T WUPSConfigCategory::~WUPSConfigCategory()
02001d34 00000040 T WUPSConfigCategory::~WUPSConfigCategory()
02001d74 00000058 T WUPSConfigCategory::~WUPSConfigCategory()
02001dcc 00000018 T WUPSConfigCategory::WUPSConfigCategory(WUPSConfigCategoryHandle)
02001dcc 00000018 T WUPSConfigCategory::WUPSConfigCategory(WUPSConfigCategoryHandle)
02001de4 000000d0 T WUPSConfigCategory::add(WUPSConfigItem&&)
02001eb4 00000040 T WUPSConfigItem::~WUPSConfigItem()
02001eb4 00000040 T WUPSConfigItem::~WUPSConfigItem()
02001ef4 00000058 T WUPSConfigItem::~WUPSConfigItem()
02001f4c 00000024 T WUPSConfigItem::WUPSConfigItem(WUPSConfigItem&&)
02001f4c 00000024 T WUPSConfigItem::WUPSConfigItem(WUPSConfigItem&&)
02001f70 00000008 T WUPSConfigItem::getHandle() const
02001f78 0000000c T WUPSConfigItem::release()
02001f84 00000344 W std::__cxx11::basic_string<char, std::char_traits<char>, std::allocator<char> >::append(char const*)
020022c8 000001fc T WUPSConfigItemStub::Create(std::basic_string_view<char, std::char_traits<char> >)
020024c4 000000c4 T WUPSButtonComboAPI_InitInternal
02002588 000000ec T WUPSConfigAPI_GetStatusStr
02002674 000000b4 T WUPSConfigAPI_GetVersion
02002748 00000220 T WUPSConfigAPI_InitLibrary_Internal
02002988 000000ac T WUPSConfigAPI_Init
02002a34 00000078 T WUPSConfigAPI_Category_Destroy
02002aac 0000008c T WUPSConfigAPI_Category_AddItem
02002b38 0000009c T WUPSConfigAPI_Item_CreateEx
02002bd4 00000078 T WUPSConfigAPI_Item_Destroy
02002c4c 0000000c T __wups_start
02002c68 00000060 W __init_wut_socket
02002cd8 0000005c W __fini_wut_socket
02002d34 00000004 T __getreent
02002d38 00000004 W wut_set_thread_specific
02002d3c 00000004 W wut_get_thread_specific
02002d40 0000015c W __assert_func
02002eac 00000004 T WUPSStorageAPI::SaveStorage(bool)
02002eb0 000000d0 t __wups_thread_cleanup(unsigned int*, void*)
02002fa0 00000130 T __wups_getreent()
02003110 000000a8 T wups_set_thread_specific
020031d8 000000c8 T wups_get_thread_specific
020032c0 0000002c t WUPSConfigItemStub_getEmptyTextValue(void*, char*, int)
020032ec 00000004 t WUPSConfigItemStub_Cleanup(void*)
020032f0 00000130 T WUPSConfigItemStub_Create
02003420 00000034 T WUPSStorageAPI_SaveStorage
02003454 00000008 T __syscall_lock_init
0200345c 00000004 T __syscall_lock_acquire
02003460 00000004 T __syscall_lock_release
02003464 00000008 T __syscall_lock_init_recursive
0200346c 00000014 T __init_wut_newlib
02003480 00000004 T __fini_wut_newlib
02003484 00000078 T __fini_wut_sbrk_heap
0200350c 00000004 T __init_wut_malloc
02003510 00000004 T __fini_wut_malloc
02003514 0000006c T _malloc_r
02003580 00000018 T _free_r
02003598 000000e0 T _realloc_r
02003688 0000009c T _calloc_r
02003724 00000070 T _memalign_r
02003794 000000dc T accept
02003880 0000006c T bind
020038fc 00000058 T listen
02003964 00000080 T recv
020039f4 00000080 T send
02003a84 00000094 T setsockopt
02003b28 000000d0 T socket
02003c08 0000000c T __wut_socket_init_devoptab
02003c14 0000000c T __wut_socket_fini_devoptab
02003c20 0000008c T __wut_get_nsysnet_fd
02003cac 00000080 T __wut_get_nsysnet_result
02003d3c 00000010 T __wut_socket_open
02003d4c 00000048 T __wut_socket_read
02003da4 00000048 T __wut_socket_write
02003dfc 0000006c T WHBAddLogHandler
02003e68 00000060 T WHBRemoveLogHandler
02003ec8 000001c0 T WHBLogPrintf
02004088 00000068 t cafeLogHandler
02004100 0000000c T WHBLogCafeInit
0200410c 0000000c T WHBLogCafeDeinit
02004118 0000005c t moduleLogHandler
02004174 000000bc T WHBLogModuleInit
02004260 0000000c T WHBLogModuleDeinit
0200426c 0000004c t udpLogHandler
020042b8 000000cc T WHBLogUdpInit
020043a4 0000004c T WHBLogUdpDeinit
020043f0 00000008 T __gthr_impl_active
020043f8 00000004 T __gthr_impl_once
020043fc 00000030 T __gthr_impl_key_delete
0200442c 00000030 T __gthr_impl_getspecific
0200445c 00000030 T __gthr_impl_setspecific
0200448c 00000004 T __gthr_impl_mutex_init_function
02004490 00000004 T __gthr_impl_mutex_destroy
02004494 00000004 T __gthr_impl_mutex_lock
02004498 00000004 T __gthr_impl_mutex_unlock
0200449c 00000004 T __init_wut_stdcpp
020044a0 00000004 T __fini_wut_stdcpp
020044a4 0000006c T __wut_key_delete(__wut_key_t)
02004510 00000070 T __wut_getspecific(__wut_key_t)
02004580 00000084 T __wut_setspecific(__wut_key_t, void const*)
02004604 00000004 T __wut_mutex_init_function(OSMutex*)
02004618 00000024 T __wut_mutex_lock(OSMutex*)
0200464c 00000024 T __wut_mutex_unlock(OSMutex*)
02004680 00000008 T __wut_mutex_destroy(OSMutex*)
02004688 000000b0 T __wut_once(unsigned int volatile*, void (*)())
02004768 000001bc T __init_wut_devoptab
02004974 0000008c T __fini_wut_devoptab
02004a20 0000011c T __wut_fsa_chdir
02004b4c 000000e0 T __wut_fsa_chmod
02004c3c 0000009c T __wut_fsa_close
02004d08 000000a0 T __wut_fsa_dirclose
02004dd8 000001ac T __wut_fsa_dirnext
02004fb4 0000017c T __wut_fsa_diropen
02005170 000000a0 T __wut_fsa_dirreset
02005240 000000d4 T __wut_fsa_fstat
02005344 0000009c T __wut_fsa_fsync
02005410 000000e0 T __wut_fsa_mkdir
02005500 000004cc T __wut_fsa_open
02005a3c 000001bc T __wut_fsa_read
02005c28 00000114 T __wut_fsa_rename
02005d4c 000000c4 T __wut_fsa_rmdir
02005e20 00000188 T __wut_fsa_seek
02005fe8 00000118 T __wut_fsa_stat
02006110 00000168 T __wut_fsa_statvfs
02006288 000000c8 T __wut_fsa_ftruncate
02006390 000000c4 T __wut_fsa_unlink
02006464 00000040 T __wut_fsa_hashstring
020064a4 00000368 T __wut_fsa_fixpath
0200680c 0000007c T __wut_fsa_translate_stat_mode
02006888 00000144 T __wut_fsa_translate_stat
020069cc 00000028 T __wut_fsa_translate_error
020069f4 000001d4 T __wut_fsa_write
02006bf8 000000cc T __wut_lock_init
02006ce4 00000054 T __wut_lock_acquire
02006d48 00000054 T __wut_lock_release
02006dac 000000a8 T sendto
02006e64 00000058 T shutdown
02006ecc 0000003c T __wut_socket_close
02006f18 00000128 T FunctionPatcher_GetVersion
02007070 0000029c T FunctionPatcher_InitLibrary
0200733c 000000c4 t NotificationModule_AddStaticNotification(char const*, NotificationModuleNotificationType, float, float, _NMColor, _NMColor, void (*)(unsigned int, void*), void*, bool)
02007400 000000e8 t std::_Rb_tree<NotificationModuleNotificationType, std::pair<NotificationModuleNotificationType const, NMDefaultValueStore>, std::_Select1st<std::pair<NotificationModuleNotificationType const, NMDefaultValueStore> >, std::less<NotificationModuleNotificationType>, std::allocator<std::pair<NotificationModuleNotificationType const, NMDefaultValueStore> > >::_M_get_insert_unique_pos(NotificationModuleNotificationType const&) [clone .isra.0]
020074e8 0000016c t std::_Rb_tree<NotificationModuleNotificationType, std::pair<NotificationModuleNotificationType const, NMDefaultValueStore>, std::_Select1st<std::pair<NotificationModuleNotificationType const, NMDefaultValueStore> >, std::less<NotificationModuleNotificationType>, std::allocator<std::pair<NotificationModuleNotificationType const, NMDefaultValueStore> > >::_M_get_insert_hint_unique_pos(std::_Rb_tree_const_iterator<std::pair<NotificationModuleNotificationType const, NMDefaultValueStore> >, NotificationModuleNotificationType const&) [clone .isra.0]
02007654 00000140 t std::_Rb_tree_iterator<std::pair<NotificationModuleNotificationType const, NMDefaultValueStore> > std::_Rb_tree<NotificationModuleNotificationType, std::pair<NotificationModuleNotificationType const, NMDefaultValueStore>, std::_Select1st<std::pair<NotificationModuleNotificationType const, NMDefaultValueStore> >, std::less<NotificationModuleNotificationType>, std::allocator<std::pair<NotificationModuleNotificationType const, NMDefaultValueStore> > >::_M_emplace_hint_unique<std::piecewise_construct_t const&, std::tuple<NotificationModuleNotificationType&&>, std::tuple<> >(std::_Rb_tree_const_iterator<std::pair<NotificationModuleNotificationType const, NMDefaultValueStore> >, std::piecewise_construct_t const&, std::tuple<NotificationModuleNotificationType&&>&&, std::tuple<>&&) [clone .isra.0]
02007794 000001ac t std::_Rb_tree<NotificationModuleNotificationType, std::pair<NotificationModuleNotificationType const, NMDefaultValueStore>, std::_Select1st<std::pair<NotificationModuleNotificationType const, NMDefaultValueStore> >, std::less<NotificationModuleNotificationType>, std::allocator<std::pair<NotificationModuleNotificationType const, NMDefaultValueStore> > >::_M_erase(std::_Rb_tree_node<std::pair<NotificationModuleNotificationType const, NMDefaultValueStore> >*) [clone .isra.0]
02007940 00000128 T NotificationModule_GetVersion
02007a98 00000670 T NotificationModule_InitLibrary
02008138 00000114 T NotificationModule_AddInfoNotification
0200824c 00000120 T NotificationModule_AddErrorNotification
0200836c 0000007c T __cxxabiv1::__class_type_info::__do_upcast(__cxxabiv1::__class_type_info const*, void**) const
020083e8 00000018 T __cxxabiv1::__class_type_info::__do_find_public_src(int, void const*, __cxxabiv1::__class_type_info const*, void const*) const
02008400 00000010 T __cxxabiv1::__class_type_info::~__class_type_info()
02008400 00000010 T __cxxabiv1::__class_type_info::~__class_type_info()
02008410 00000040 T __cxxabiv1::__class_type_info::~__class_type_info()
02008450 00000090 T __cxxabiv1::__class_type_info::__do_upcast(__cxxabiv1::__class_type_info const*, void const*, __cxxabiv1::__class_type_info::__upcast_result&) const
020084e0 00000100 T __cxxabiv1::__class_type_info::__do_catch(std::type_info const*, void**, unsigned int) const
020085e0 00000134 T __cxxabiv1::__class_type_info::__do_dyncast(int, __cxxabiv1::__class_type_info::__sub_kind, __cxxabiv1::__class_type_info const*, void const*, __cxxabiv1::__class_type_info const*, void const*, __cxxabiv1::__class_type_info::__dyncast_result&) const
02008714 00000004 T operator delete(void*, unsigned int)
02008718 0000000c W __gnu_cxx::__concurrence_lock_error::what() const
02008724 0000000c W __gnu_cxx::__concurrence_unlock_error::what() const
02008730 00000010 W __gnu_cxx::__concurrence_lock_error::~__concurrence_lock_error()
02008730 00000010 W __gnu_cxx::__concurrence_lock_error::~__concurrence_lock_error()
02008740 00000040 W __gnu_cxx::__concurrence_lock_error::~__concurrence_lock_error()
02008780 00000010 W __gnu_cxx::__concurrence_unlock_error::~__concurrence_unlock_error()
02008780 00000010 W __gnu_cxx::__concurrence_unlock_error::~__concurrence_unlock_error()
02008790 00000040 W __gnu_cxx::__concurrence_unlock_error::~__concurrence_unlock_error()
020087d0 00000154 t (anonymous namespace)::pool::free(void*) [clone .constprop.0]
02008924 00000114 t (anonymous namespace)::pool::allocate(unsigned int) [clone .constprop.0]
02008a38 00000068 T __cxa_allocate_exception
02008aa0 00000030 T __cxa_free_exception
02008ad0 00000004 T std::exception::~exception()
02008ad0 00000004 T std::exception::~exception()
02008ad4 00000004 T std::bad_exception::~bad_exception()
02008ad4 00000004 T std::bad_exception::~bad_exception()
02008ad8 0000000c T transaction clone for std::bad_exception::what() const
02008ad8 0000000c T std::bad_exception::what() const
02008ae4 00000008 T std::bad_exception::~bad_exception()
02008aec 00000098 t get_adjusted_ptr(std::type_info const*, std::type_info const*, void**)
02008b84 0000013c t read_encoded_value_with_base(unsigned char, unsigned int, unsigned char const*, unsigned int*)
02008cc0 00000068 t base_of_encoded_value(unsigned char, _Unwind_Context*)
02008d28 00000120 t parse_lsda_header(_Unwind_Context*, unsigned char const*, lsda_header_info*)
02008e48 00000138 t check_exception_spec(lsda_header_info*, std::type_info const*, void*, long)
02008f80 000008b4 T __gxx_personality_v0
02009834 00000100 T __cxa_call_unexpected
02009934 00000020 T __cxxabiv1::__terminate(void (*)())
02009954 00000018 T __cxxabiv1::__unexpected(void (*)())
0200996c 00000018 T std::get_terminate()
02009984 00000018 T std::get_unexpected()
0200999c 00000080 t __gxx_exception_cleanup(_Unwind_Reason_Code, _Unwind_Exception*)
02009a1c 00000070 T __cxa_init_primary_exception
02009a8c 00000068 T __cxa_throw
02009af4 0000008c T __cxa_rethrow
02009b80 00000080 T operator new(unsigned int)
02009c00 00000010 T __cxxabiv1::__si_class_type_info::~__si_class_type_info()
02009c00 00000010 T __cxxabiv1::__si_class_type_info::~__si_class_type_info()
02009c10 00000040 T __cxxabiv1::__si_class_type_info::~__si_class_type_info()
02009c50 000001b8 T __cxxabiv1::__si_class_type_info::__do_dyncast(int, __cxxabiv1::__class_type_info::__sub_kind, __cxxabiv1::__class_type_info const*, void const*, __cxxabiv1::__class_type_info const*, void const*, __cxxabiv1::__class_type_info::__dyncast_result&) const
02009e08 000000d4 T __cxxabiv1::__si_class_type_info::__do_find_public_src(int, void const*, __cxxabiv1::__class_type_info const*, void const*) const
02009edc 00000094 T __cxxabiv1::__si_class_type_info::__do_upcast(__cxxabiv1::__class_type_info const*, void const*, __cxxabiv1::__class_type_info::__upcast_result&) const
02009f70 00000004 T std::type_info::~type_info()
02009f70 00000004 T std::type_info::~type_info()
02009f74 00000008 T std::type_info::__is_pointer_p() const
02009f74 00000008 T std::type_info::__is_function_p() const
02009f7c 00000008 T std::logic_error::what() const
02009f7c 00000008 T std::runtime_error::what() const
02009f84 000000cc T std::logic_error::~logic_error()
02009f84 000000cc T std::logic_error::~logic_error()
0200a050 000000cc T std::runtime_error::~runtime_error()
0200a050 000000cc T std::runtime_error::~runtime_error()
0200a11c 000000c8 T std::runtime_error::~runtime_error()
0200a1e4 000000cc T std::length_error::~length_error()
0200a1e4 000000cc T std::length_error::~length_error()
0200a2b0 000000cc T std::out_of_range::~out_of_range()
0200a2b0 000000cc T std::out_of_range::~out_of_range()
0200a37c 000000c8 T std::logic_error::~logic_error()
0200a444 000000c8 T std::length_error::~length_error()
0200a50c 000000c8 T std::out_of_range::~out_of_range()
0200a5d4 0000006c T std::_Rb_tree_increment(std::_Rb_tree_node_base*)
0200a640 00000094 T std::_Rb_tree_decrement(std::_Rb_tree_node_base*)
0200a6d4 000002d8 T std::_Rb_tree_insert_and_rebalance(bool, std::_Rb_tree_node_base*, std::_Rb_tree_node_base*, std::_Rb_tree_node_base&)
0200a9ac 00000114 T std::logic_error::logic_error(char const*)
0200a9ac 00000114 T std::logic_error::logic_error(char const*)
0200aac0 00000038 T std::length_error::length_error(char const*)
0200aac0 00000038 T std::length_error::length_error(char const*)
0200aaf8 00000038 T std::out_of_range::out_of_range(char const*)
0200aaf8 00000038 T std::out_of_range::out_of_range(char const*)
0200ab30 00000114 T std::runtime_error::runtime_error(char const*)
0200ab30 00000114 T std::runtime_error::runtime_error(char const*)
0200ac44 000000f4 T std::__cow_string::__cow_string(char const*, unsigned int)
0200ac44 000000f4 T std::__cow_string::__cow_string(char const*, unsigned int)
0200ad38 000000dc W std::string::_Rep::_S_create(unsigned int, unsigned int, std::allocator<char> const&)
0200ae14 00000004 W std::string::_Rep::_M_destroy(std::allocator<char> const&)
0200ae18 0000005c T std::runtime_error::runtime_error(std::__cxx11::basic_string<char, std::char_traits<char>, std::allocator<char> > const&)
0200ae18 0000005c T std::runtime_error::runtime_error(std::__cxx11::basic_string<char, std::char_traits<char>, std::allocator<char> > const&)
0200ae74 0000000c T std::bad_alloc::what() const
0200ae80 00000010 T std::bad_alloc::~bad_alloc()
0200ae80 00000010 T std::bad_alloc::~bad_alloc()
0200ae90 00000040 T std::bad_alloc::~bad_alloc()
0200aed0 00000004 T operator delete(void*)
0200aed4 000000c8 T __cxa_begin_catch
0200af9c 000000c0 T __cxa_end_catch
0200b05c 00000068 t eh_globals_dtor(void*)
0200b0c4 0000004c T __cxa_get_globals_fast
0200b110 000000a0 T __cxa_get_globals
0200b1b0 00000018 T std::get_new_handler()
0200b1c8 00000428 T __divdi3
0200b5f0 000003cc T __udivdi3
0200b9bc 0000001c T __gthread_active_p
0200b9d8 0000001c T __gthread_once
0200b9f4 0000001c T __gthread_key_create
0200ba10 00000044 T __gthread_key_delete
0200ba54 00000044 T __gthread_getspecific
0200ba98 00000044 T __gthread_setspecific
0200badc 00000014 T __gthread_mutex_init_function
0200baf0 0000001c T __gthread_mutex_destroy
0200bb0c 0000001c T __gthread_mutex_lock
0200bb28 0000001c T __gthread_mutex_unlock
0200bb44 000001d0 t init_dwarf_reg_size_table
0200bd14 000001fc t uw_install_context_1
0200bf10 0000018c t read_encoded_value
0200c09c 00000870 t execute_stack_op
0200c90c 00000390 t uw_update_context_1
0200cc9c 00000954 t execute_cfa_program_specialized
0200d5f0 000009bc t execute_cfa_program_generic
0200dfac 000004d8 t uw_frame_state_for
0200e484 000002d0 t uw_init_context_1
0200e754 000001cc t _Unwind_RaiseException_Phase2
0200e920 000001f0 t _Unwind_ForcedUnwind_Phase2
0200eb10 00000064 T _Unwind_SetGR
0200eb74 00000014 T _Unwind_GetIPInfo
0200eb88 00000008 T _Unwind_SetIP
0200eb90 00000008 T _Unwind_GetLanguageSpecificData
0200eb98 00000008 T _Unwind_GetRegionStart
0200eba0 00000008 T _Unwind_GetDataRelBase
0200eba8 00000008 T _Unwind_GetTextRelBase
0200ebb0 00000004 t _Unwind_DebugHook
0200ebb4 0000038c T _Unwind_RaiseException
0200ef40 000001dc T _Unwind_Resume
0200f11c 00000288 T _Unwind_Resume_or_Rethrow
0200f3a4 0000001c T _Unwind_DeleteException
0200f3c0 00000020 t fde_unencoded_compare
0200f3e0 00000074 t fde_unencoded_extract
0200f454 00000110 t frame_downheap
0200f564 0000000c t init_object_mutex
0200f570 0000013c t read_encoded_value_with_base
0200f6ac 000002a4 t fde_radixsort
0200f950 0000012c t __deregister_frame_info_bases.part.0
0200fa7c 00000158 t get_cie_encoding
0200fbd4 000000fc t fde_mixed_encoding_extract
0200fcd0 0000020c t classify_object_over_fdes.constprop.0
0200fedc 00000108 t fde_single_encoding_extract
0200ffe4 000000d0 t fde_single_encoding_compare
020100b4 00000150 t fde_mixed_encoding_compare
02010204 000002c0 t add_fdes.isra.0
020104c4 00000360 t linear_search_fdes
02010824 000006e4 t search_object
02010f08 000000a0 T __register_frame_info
02010fa8 00000020 T __deregister_frame_info
02010fc8 00000260 T _Unwind_Find_FDE
02011228 000001b8 T chdir
020113e0 0000027c T _concatenate_path
0201165c 000000e4 T __release_handle
02011740 00000124 T __alloc_handle
02011864 00000090 T __get_handle
020118f4 00000180 T _close_r
02011a74 00000008 t null_write
02011a7c 00000018 T setDefaultDevice
02011a94 00000150 T FindDevice
02011be4 00000044 T RemoveDevice
02011c28 00000120 T AddDevice
02011d48 00000014 T __libc_lock_init
02011d5c 00000014 T __libc_lock_acquire
02011d70 00000014 T __libc_lock_release
02011d84 00000014 T __libc_lock_init_recursive
02011d98 00000104 T strncpy
02011e9c 0000009c T strcmp
02011f38 00000038 T getenv
02011f70 00000180 T memset
020120f0 000000d8 T _vsnprintf_r
020121c8 00000060 T vsnprintf
02012228 00000030 T strdup
02012258 00000154 T strchr
020123ac 000007bc t get_arg
02012b68 000039f8 T _svfprintf_r
02016560 000000dc T sscanf
0201663c 00000148 T memcpy
02016784 00000218 t _strtoul_l.isra.0
0201699c 00000060 T _strtoul_r
020169fc 00000064 T strtoul
02016a60 000000c8 T strncmp
02016b28 00000104 T _wcrtomb_r
02016c2c 000001b8 T memmove
02016de4 00000040 T calloc
02016e24 0000010c T _reclaim_reent
02016f30 00000080 T strlen
02016fb0 00000070 T _strdup_r
02017020 00000340 t quorem
02017360 00001704 T _dtoa_r
02018a64 000000b4 t get_arg
02018b18 00002ff4 T __ssvfscanf_r
0201bb0c 00000124 T memcmp
0201bc30 00000260 t _strtol_l.isra.0
0201be90 00000060 T _strtol_r
0201bef0 00000030 T close
0201bf20 00000078 T strrchr
0201bf98 0000008c T strcpy
0201c024 00000118 T stpncpy
0201c13c 00000020 T __errno
0201c15c 00000058 T malloc
0201c1b4 00000030 T free
0201c1e4 00000008 T iswspace
0201c1ec 00000120 T _mbrtowc_r
0201c30c 0000013c T _findenv_r
0201c448 00000130 T snprintf
0201c578 00000148 T memchr
0201c6c0 0000010c T __ssprint_r
0201c7cc 000000c0 T strnlen
0201c88c 000000f4 T _sungetc_r
0201c980 00000080 T __ssrefill_r
0201ca00 000000c8 T _sfread_r
0201cac8 00000008 T __seofread
0201cad0 00000040 T memalign
0201cb10 0000000c T nanf
0201cb1c 00000090 T frexp
0201cbac 00000304 t _strtoll_l.isra.0
0201ceb0 00000060 T _strtoll_r
0201cf10 00000040 T __env_lock
0201cf50 0000000c T __env_unlock
0201cf5c 000000f4 T _Balloc
0201d050 00000024 T _Bfree
0201d074 00000174 T __multadd
0201d1e8 00000154 T __s2b
0201d33c 00000098 T __hi0bits
0201d3d4 0000010c T __lo0bits
0201d4e0 00000108 T __i2b
0201d5e8 00000338 T __multiply
0201d920 0000019c T __pow5mult
0201dabc 0000026c T __lshift
0201dd28 000000dc T __mcmp
0201de04 00000314 T __mdiff
0201e118 00000094 T __ulp
0201e1ac 000001a4 T __b2d
0201e350 00000194 T __d2b
0201e4e4 000000e8 T __ratio
0201e5cc 0000011c T __copybits
0201e6e8 000000e4 T __any_on
0201e7cc 0000004c T _localeconv_r
0201e818 00000084 t sulp
0201e89c 000018f0 T _strtod_l
0202018c 0000008c T _strtod_r
02020218 0000016c T __sccl
02020384 0000004c T __locale_mb_cur_max
020203d0 00000010 T _wcsrtombs_r
020203e0 00000174 t rshift
02020554 000009f8 T __gethex
02020f4c 00000604 T __utf8_mbtowc
02021550 00000060 T iswspace_l
020215b0 000002f8 t _strtoull_l.isra.0
020218a8 00000060 T _strtoull_r
02021908 00000194 T __ssputs_r
02021a9c 00000040 T realloc
02021adc 000001e4 T _wcsnrtombs_l
02021cc0 000000d8 T _wcsnrtombs_r
02021d98 000000d0 T sprintf
02021e68 00000108 T __utf8_wctomb
02021f70 000000e8 T __submore
02022058 000000d8 T category
02022130 00000054 T __match
02022184 00000528 T __hexnan
020226ac 0000000c T nan
020226b8 00000040 T __fixdfdi
020226f8 000000fc T __fixunsdfdi
020227f4 00000050 T __floatdidf
02022844 00000384 T __umoddi3
02022bc8 00000058 T _restfpr_14_x
02022bcc 00000054 T _restfpr_15_x
02022bd0 00000050 T _restfpr_16_x
02022bd4 0000004c T _restfpr_17_x
02022bd8 00000048 T _restfpr_18_x
02022bdc 00000044 T _restfpr_19_x
02022be0 00000040 T _restfpr_20_x
02022be4 0000003c T _restfpr_21_x
02022be8 00000038 T _restfpr_22_x
02022bec 00000034 T _restfpr_23_x
02022bf0 00000030 T _restfpr_24_x
02022bf4 0000002c T _restfpr_25_x
02022bf8 00000028 T _restfpr_26_x
02022bfc 00000024 T _restfpr_27_x
02022c00 00000020 T _restfpr_28_x
02022c04 0000001c T _restfpr_29_x
02022c08 00000018 T _restfpr_30_x
02022c0c 00000014 T _restfpr_31_x
02022c20 00000058 T _restgpr_14_x
02022c24 00000054 T _restgpr_15_x
02022c28 00000050 T _restgpr_16_x
02022c2c 0000004c T _restgpr_17_x
02022c30 00000048 T _restgpr_18_x
02022c34 00000044 T _restgpr_19_x
02022c38 00000040 T _restgpr_20_x
02022c3c 0000003c T _restgpr_21_x
02022c40 00000038 T _restgpr_22_x
02022c44 00000034 T _restgpr_23_x
02022c48 00000030 T _restgpr_24_x
02022c4c 0000002c T _restgpr_25_x
02022c50 00000028 T _restgpr_26_x
02022c54 00000024 T _restgpr_27_x
02022c58 00000020 T _restgpr_28_x
02022c5c 0000001c T _restgpr_29_x
02022c60 00000018 T _restgpr_30_x
02022c64 00000014 T _restgpr_31_x
02022c78 t __do_global_ctors_aux
02022cc8 T __fini
1000001c d .LC2
10000324 d .LC2
10000ac0 d .LC3
10000e28 d .LC7
10001474 d .LC2
100015a4 00000015 V typeinfo name for WUPSConfigItemStub
100015bc 0000000c V typeinfo for WUPSConfigItemStub
100015c8 00000010 V vtable for WUPSConfigItemStub
100015d8 00000015 V typeinfo name for WUPSConfigCategory
100015f0 00000010 V vtable for WUPSConfigCategory
10001600 00000011 V typeinfo name for WUPSConfigItem
10001614 00000010 V vtable for WUPSConfigItem
1000169c 00000034 d __wut_nsysnet_error_code_map
100016d0 00000080 d __wut_fsa_devoptab
10001750 00000042 d CSWTCH.24
100017ec 00000022 V typeinfo name for __cxxabiv1::__class_type_info
10001810 0000000c V typeinfo for __cxxabiv1::__class_type_info
1000181c 0000002c V vtable for __cxxabiv1::__class_type_info
10001848 00000027 V typeinfo name for __gnu_cxx::__concurrence_lock_error
10001870 0000000c V typeinfo for __gnu_cxx::__concurrence_lock_error
1000187c 00000029 V typeinfo name for __gnu_cxx::__concurrence_unlock_error
100018a8 0000000c V typeinfo for __gnu_cxx::__concurrence_unlock_error
100018b4 00000014 V vtable for __gnu_cxx::__concurrence_lock_error
100018c8 00000014 V vtable for __gnu_cxx::__concurrence_unlock_error
100018dc 0000000d V typeinfo name for std::exception
100018ec 00000012 V typeinfo name for std::bad_exception
10001900 0000000c V typeinfo for std::bad_exception
1000190c 00000020 V typeinfo name for __cxxabiv1::__forced_unwind
1000192c 00000024 V typeinfo name for __cxxabiv1::__foreign_exception
10001950 00000014 V vtable for std::bad_exception
10001998 00000025 V typeinfo name for __cxxabiv1::__si_class_type_info
100019c0 0000000c V typeinfo for __cxxabiv1::__si_class_type_info
100019cc 0000002c V vtable for __cxxabiv1::__si_class_type_info
100019f8 0000000d V typeinfo name for std::type_info
10001a08 00000010 V typeinfo name for std::logic_error
10001a18 0000000c V typeinfo for std::logic_error
10001a24 00000011 V typeinfo name for std::length_error
10001a38 0000000c V typeinfo for std::length_error
10001a44 00000011 V typeinfo name for std::out_of_range
10001a58 0000000c V typeinfo for std::out_of_range
10001a64 00000012 V typeinfo name for std::runtime_error
10001a78 0000000c V typeinfo for std::runtime_error
10001a84 00000014 V vtable for std::logic_error
10001a98 00000014 V vtable for std::length_error
10001aac 00000014 V vtable for std::out_of_range
10001ac0 00000014 V vtable for std::runtime_error
10001ad4 0000000d V typeinfo name for std::bad_alloc
10001ae4 0000000c V typeinfo for std::bad_alloc
10001af0 00000014 V vtable for std::bad_alloc
10001fa0 00000008 d terminator.0
10001fa8 00000080 D dotab_stdnull
10002284 00000010 d zeroes.0
10002294 00000010 d blanks.1
100025bc 00000022 d basefix.0
100025e0 0000006c D __action_table
1000264c 0000006c D __state_table
100026b8 00000100 D __chclass
100027b8 00000101 D _ctype_
100028bc 0000000c d p05.0
100028c8 00000028 D __mprec_bigtens
100028f0 000000c8 D __mprec_tens
10002a88 00000014 d fpinan.0
10002a9c 00000014 d fpi.1
10002ab0 00000028 d tinytens
10002ad8 00000100 D __hexdig
10002bd8 000035dc d categories
100063e4 d __CTOR_LIST__
100063e8 D __CTOR_LIST__
100063f4 D __CTOR_END__
100063f4 d __CTOR_END__
100063f8 d __DTOR_LIST__
100063fc D __DTOR_LIST__
10006408 D __DTOR_END__
1000640c d __EH_FRAME_BEGIN__
1000640c D __EH_FRAME_BEGIN__
1000bb9c D __EH_FRAME_END__
1000bb9c d __FRAME_END__
1000bba0 00000004 d sConfigPluginIdentifier
1000bba4 00000004 d sConfigAPIVersion
1000bba8 00000028 d __internal_functions
1000bbd0 00000080 d __wut_socket_devoptab
1000bc50 00000004 d sSocket
1000bc54 00000004 d sFunctionPatcherVersion
1000bc58 00000004 d sNotificationModuleVersion
1000bc5c 00000400 d _current_working_directory
1000c05c 00001000 d handles
1000d05c 0000000c d __stderr_handle
1000d068 0000000c d __stdout_handle
1000d074 0000000c d __stdin_handle
1000d080 0000008c D devoptab_list
1000d10c 00000004 d defaultDevice
1000d110 00000140 D _impure_data
1000d250 0000016c D __global_locale
1000d3bc 00000004 D clientSock
1000d3c0 00000004 D serverSock
1000d3c4 00000008 V typeinfo for WUPSConfigCategory
1000d3cc 00000008 V typeinfo for WUPSConfigItem
1000d3d4 00000008 V typeinfo for std::exception
1000d3dc 00000008 V typeinfo for __cxxabiv1::__forced_unwind
1000d3e4 00000008 V typeinfo for __cxxabiv1::__foreign_exception
1000d3ec 00000004 D __cxxabiv1::__unexpected_handler
1000d3f0 00000008 V typeinfo for std::type_info
1000d3f8 00000004 D __cxxabiv1::__terminate_handler
1000d3fc 00000004 D _impure_ptr
1000d400 00000004 D environ
1000d408 00000001 B socketThreadRunning
1000d40c 00000004 B udpLogInit
1000d410 00000004 B cafeLogInit
1000d414 00000004 B moduleLogInit
1000d418 00000004 B __wut_exit
1000d41c 00000001 B __eh_globals_init::_S_init
1000d41d b completed.2
1000d420 b dtor_idx.1
1000d424 b object.0
1000d440 00002000 B socketThreadStack
1000f440 000006a0 B socketThread
1000fae0 00000010 B clientAddr
1000faf0 00000038 b __internal_functions
1000fb28 00000001 b sConfigLibInitDone
1000fb2c 00000004 b sAPIMenuGetStatus
1000fb30 00000004 b sAPIItemDestroy
1000fb34 00000004 b sAPIItemCreateEx
1000fb38 00000004 b sAPICategoryAddItem
1000fb3c 00000004 b sAPICategoryAddCategory
1000fb40 00000004 b sAPICategoryDestroy
1000fb44 00000004 b sAPICategoryCreateEx
1000fb48 00000004 b sAPIInitEx
1000fb4c 00000004 b sAPIGetVersion
1000fb50 00000004 b sModuleHandle
1000fb54 00000004 b __wut_socket_devoptab_added
1000fb58 00000004 b sHeapSize
1000fb5c 00000004 b sHeapMaxSize
1000fb60 00000004 b sHeapBase
1000fb64 00000004 b sHeapHandle
1000fb68 00000040 b sHandlers
1000fba8 00000004 b sWUMSLogWrite
1000fbac 00000004 b sModuleHandle
1000fbb0 00000010 b sSendAddr
1000fbc0 0000002c b key_mutex
1000fbec 00000400 b key_table
1000fff0 000003b8 B __wut_fsa_device_data
100103a8 00000004 b sLibcLockUsedMask
100103ac 000002c0 b sLibcLocks
1001066c 00000004 b sFPIsFunctionPatched
10010670 00000004 b sFPRemoveFunctionPatch
10010674 00000004 b sFPAddFunctionPatch
10010678 00000004 b sFPGetVersion
1001067c 00000004 b sModuleHandle
10010680 00000018 B sDefaultValues
10010698 00000001 b sLibInitDone
1001069c 00000004 b sNMFinishDynamicNotification
100106a0 00000004 b sNMUpdateDynamicNotificationTextColor
100106a4 00000004 b sNMUpdateDynamicNotificationBackgroundColor
100106a8 00000004 b sNMUpdateDynamicNotificationText
100106ac 00000004 b sNMAddDynamicNotificationV2
100106b0 00000004 b sNMAddStaticNotificationV2
100106b4 00000004 b sNMAddDynamicNotification
100106b8 00000004 b sNMAddStaticNotification
100106bc 00000004 b sNMIsOverlayReady
100106c0 00000004 b sNMGetVersion
100106c4 00000004 b sModuleHandle
100106c8 00000038 b (anonymous namespace)::emergency_pool
10010700 00000010 V std::string::_Rep::_S_empty_rep_storage
10010710 00000004 b init
10010714 00000008 b (anonymous namespace)::eh_globals
1001071c 00000004 b (anonymous namespace)::__new_handler
10010720 00000004 b once_regsizes.0
10010724 00000070 b dwarf_reg_size_table
10010794 00000004 b once.1
10010798 0000002c b object_mutex
100107c4 00000004 b seen_objects
100107c8 00000004 b unseen_objects
100107cc 00000400 b temp_cwd
10010bcc 00000004 b __hndl_lock
10010bd0 00000150 B __sf
10010d20 00000004 b __env_recursive_mutex
10010d24 00000004 b initial_env
10010d28 00000090 R wups_meta_info_linking_order
10010db8 0000000c R wups_meta_license
10010dc4 0000000f R wups_meta_author
10010dd4 0000000d R wups_meta_version
10010de4 0000000d R wups_meta_description
10010df4 00000040 R wups_meta_info_dump
10010e34 0000000b R wups_meta_plugin_name
10010e40 00000024 R wups_meta_buildtimestamp
10010e64 0000000b R wups_meta_wups
10010e70 00000010 R wups_meta_name
10010e80 00000008 R wups_hooks_on_app_requests_exit
10010e88 00000008 R wups_hooks_on_app_ending
10010e90 00000008 R wups_hooks_on_app_starting
10010e98 00000008 R wups_hooks_deinit_plugin
10010ea0 00000008 R wups_hooks_init_plugin
10010ea8 00000008 R wups_hooks_on_fini_wut_devoptab
10010eb0 00000008 R wups_hooks_on_init_wut_devoptab
10010eb8 00000008 R wups_hooks_wups_init_button_combo_functions
10010ec0 00000008 R wups_hooks_wups_init_config_functions
10010ec8 00000008 R wups_hooks___fini_wrapper
10010ed0 00000008 R wups_hooks___init_wrapper
10010ed8 00000008 R wups_hooks_on_fini_wut_stdcpp
10010ee0 00000008 R wups_hooks_on_init_wut_stdcpp
10010ee8 00000008 R wups_hooks_on_fini_wut_newlib
10010ef0 00000008 R wups_hooks_on_init_wut_newlib
10010ef8 00000008 R wups_hooks_on_fini_wut_sockets
10010f00 00000008 R wups_hooks_on_init_wut_sockets
10010f08 00000008 R wups_hooks_on_fini_wut_malloc
10010f10 00000008 R wups_hooks_on_init_wut_malloc
c0000038 T DCFlushRange
c0000040 T FSAAddClient
c0000048 T FSAChangeDir
c0000050 T FSAChangeMode
c0000058 T FSACloseDir
c0000060 T FSACloseFile
c0000068 T FSADelClient
c0000070 T FSAFlushFile
c0000078 T FSAGetDeviceInfo
c0000080 T FSAGetFreeSpaceSize
c0000088 T FSAGetStat
c0000090 T FSAGetStatFile
c0000098 T FSAInit
c00000a0 T FSAMakeDir
c00000a8 T FSAMount
c00000b0 T FSAOpenDir
c00000b8 T FSAOpenFileEx
c00000c0 T FSAReadDir
c00000c8 T FSAReadFile
c00000d0 T FSARemove
c00000d8 T FSARename
c00000e0 T FSARewindDir
c00000e8 T FSASetPosFile
c00000f0 T FSATruncateFile
c00000f8 T FSAUnmount
c0000100 T FSAWriteFile
c0000108 T ICInvalidateRange
c0000110 T MEMFreeToExpHeap
c0000118 T MEMGetSizeForMBlockExpHeap
c0000120 T OSCompareAndSwapAtomic
c0000128 T OSCompareAndSwapAtomicEx
c0000130 T OSCreateThread
c0000138 T OSDynLoad_Acquire
c0000140 T OSDynLoad_FindExport
c0000148 T OSEffectiveToPhysical
c0000150 T OSFatal
c0000158 T OSGetCurrentThread
c0000160 T OSGetSystemInfo
c0000168 T OSGetTitleID
c0000170 T OSInitMutex
c0000178 T OSInitMutexEx
c0000180 T OSLockMutex
c0000188 T OSReport
c0000190 T OSResumeThread
c0000198 T OSSetThreadCleanupCallback
c00001a0 T OSSleepTicks
c00001a8 T OSSwapAtomic
c00001b0 T OSUnlockMutex
c00001b8 T __rplwrap_exit
c00001d0 T GetAssignedAddress__Q2_2nn2acFPUl
c00001d8 T Initialize__Q2_2nn2acFv
c00001f0 T htonl
c00001f8 T htons
c0000200 T socket_lib_init
c0000208 T __rplwrap_accept
c0000210 T __rplwrap_bind
c0000218 T __rplwrap_listen
c0000220 T __rplwrap_recv
c0000228 T __rplwrap_send
c0000230 T __rplwrap_sendto
c0000238 T __rplwrap_setsockopt
c0000240 T __rplwrap_shutdown
c0000248 T __rplwrap_socket
c0000250 T __rplwrap_socketclose
c0000258 T __rplwrap_socketlasterr
c0000278 T WPADiShutdown
c0000298 R MEMAllocFromDefaultHeapEx
c00002a0 R MEMFreeToDefaultHeap
c00002c8 T KernelCopyData
